2022-10-12 00:11:50,076 [/] INFO  [SpringApplicationShutdownHook] c.z.h.HikariDataSource - HikariPool-1 - Shutdown initiated...
2022-10-12 00:11:50,090 [/] INFO  [SpringApplicationShutdownHook] c.z.h.HikariDataSource - HikariPool-1 - Shutdown completed.
2022-10-12 00:11:54,743 [/] INFO  [main] o.s.b.StartupInfoLogger - Starting Springboot01Application using Java 1.8.0_333 on MARGUERITE with PID 31232 (C:\Users\yorky\Desktop\STUDY\Java\springboot01\target\classes started by yorky in C:\Users\yorky\Desktop\STUDY\Java\springboot01)
2022-10-12 00:11:54,748 [/] DEBUG [main] o.s.b.StartupInfoLogger - Running with Spring Boot v2.7.4, Spring v5.3.23
2022-10-12 00:11:54,749 [/] INFO  [main] o.s.b.SpringApplication - No active profile set, falling back to 1 default profile: "default"
2022-10-12 00:11:55,437 [/] INFO  [main] o.s.b.w.e.t.TomcatWebServer - Tomcat initialized with port(s): 8081 (http)
2022-10-12 00:11:55,443 [/] INFO  [main] o.a.j.l.DirectJDKLog - Starting service [Tomcat]
2022-10-12 00:11:55,443 [/] INFO  [main] o.a.j.l.DirectJDKLog - Starting Servlet engine: [Apache Tomcat/9.0.65]
2022-10-12 00:11:55,542 [/] INFO  [main] o.a.j.l.DirectJDKLog - Initializing Spring embedded WebApplicationContext
2022-10-12 00:11:55,543 [/] INFO  [main] o.s.b.w.s.c.ServletWebServerApplicationContext - Root WebApplicationContext: initialization completed in 740 ms
2022-10-12 00:11:56,106 [/] INFO  [main] o.s.b.w.e.t.TomcatWebServer - Tomcat started on port(s): 8081 (http) with context path '/springboot01'
2022-10-12 00:11:56,119 [/] INFO  [main] o.s.b.StartupInfoLogger - Started Springboot01Application in 1.969 seconds (JVM running for 3.332)
2022-10-12 00:12:07,079 [/] INFO  [http-nio-8081-exec-1] o.a.j.l.DirectJDKLog - Initializing Spring DispatcherServlet 'dispatcherServlet'
2022-10-12 00:12:07,080 [/] INFO  [http-nio-8081-exec-1] o.s.w.s.FrameworkServlet - Initializing Servlet 'dispatcherServlet'
2022-10-12 00:12:07,081 [/] INFO  [http-nio-8081-exec-1] o.s.w.s.FrameworkServlet - Completed initialization in 1 ms
2022-10-12 00:12:07,111 [/] INFO  [http-nio-8081-exec-1] c.z.h.HikariDataSource - HikariPool-1 - Starting...
2022-10-12 00:12:07,750 [/] INFO  [http-nio-8081-exec-1] c.z.h.HikariDataSource - HikariPool-1 - Start completed.
2022-10-12 00:12:07,759 [/] DEBUG [http-nio-8081-exec-1] o.a.i.l.j.BaseJdbcLogger - ==>  Preparing: insert into t_class values (?, ?, ?, ?, ?, ?) 
2022-10-12 00:12:07,786 [/] DEBUG [http-nio-8081-exec-1] o.a.i.l.j.BaseJdbcLogger - ==> Parameters: 111(String), 111(String), 111(String), 111(String), 111(String), 1(String)
2022-10-12 00:12:07,793 [/] DEBUG [http-nio-8081-exec-1] o.a.i.l.j.BaseJdbcLogger - <==    Updates: 1
2022-10-12 00:12:07,809 [/] ERROR [http-nio-8081-exec-1] o.a.j.l.DirectJDKLog - Servlet.service() for servlet [dispatcherServlet] in context with path [/springboot01] threw exception [Request processing failed; nested exception is java.lang.ArithmeticException: / by zero] with root cause
java.lang.ArithmeticException: / by zero
	at com.springboottest.springboot01.service.UserService.saveClazz(UserService.java:23)
	at com.springboottest.springboot01.controller.UserController.saveClazz(UserController.java:41)
	at sun.reflect.NativeMethodAccessorImpl.invoke0(Native Method)
	at sun.reflect.NativeMethodAccessorImpl.invoke(NativeMethodAccessorImpl.java:62)
	at sun.reflect.DelegatingMethodAccessorImpl.invoke(DelegatingMethodAccessorImpl.java:43)
	at java.lang.reflect.Method.invoke(Method.java:498)
	at org.springframework.web.method.support.InvocableHandlerMethod.doInvoke(InvocableHandlerMethod.java:205)
	at org.springframework.web.method.support.InvocableHandlerMethod.invokeForRequest(InvocableHandlerMethod.java:150)
	at org.springframework.web.servlet.mvc.method.annotation.ServletInvocableHandlerMethod.invokeAndHandle(ServletInvocableHandlerMethod.java:117)
	at org.springframework.web.servlet.mvc.method.annotation.RequestMappingHandlerAdapter.invokeHandlerMethod(RequestMappingHandlerAdapter.java:895)
	at org.springframework.web.servlet.mvc.method.annotation.RequestMappingHandlerAdapter.handleInternal(RequestMappingHandlerAdapter.java:808)
	at org.springframework.web.servlet.mvc.method.AbstractHandlerMethodAdapter.handle(AbstractHandlerMethodAdapter.java:87)
	at org.springframework.web.servlet.DispatcherServlet.doDispatch(DispatcherServlet.java:1071)
	at org.springframework.web.servlet.DispatcherServlet.doService(DispatcherServlet.java:964)
	at org.springframework.web.servlet.FrameworkServlet.processRequest(FrameworkServlet.java:1006)
	at org.springframework.web.servlet.FrameworkServlet.doGet(FrameworkServlet.java:898)
	at javax.servlet.http.HttpServlet.service(HttpServlet.java:655)
	at org.springframework.web.servlet.FrameworkServlet.service(FrameworkServlet.java:883)
	at javax.servlet.http.HttpServlet.service(HttpServlet.java:764)
	at org.apache.catalina.core.ApplicationFilterChain.internalDoFilter(ApplicationFilterChain.java:227)
	at org.apache.catalina.core.ApplicationFilterChain.doFilter(ApplicationFilterChain.java:162)
	at org.apache.tomcat.websocket.server.WsFilter.doFilter(WsFilter.java:53)
	at org.apache.catalina.core.ApplicationFilterChain.internalDoFilter(ApplicationFilterChain.java:189)
	at org.apache.catalina.core.ApplicationFilterChain.doFilter(ApplicationFilterChain.java:162)
	at org.springframework.web.filter.RequestContextFilter.doFilterInternal(RequestContextFilter.java:100)
	at org.springframework.web.filter.OncePerRequestFilter.doFilter(OncePerRequestFilter.java:117)
	at org.apache.catalina.core.ApplicationFilterChain.internalDoFilter(ApplicationFilterChain.java:189)
	at org.apache.catalina.core.ApplicationFilterChain.doFilter(ApplicationFilterChain.java:162)
	at org.springframework.web.filter.FormContentFilter.doFilterInternal(FormContentFilter.java:93)
	at org.springframework.web.filter.OncePerRequestFilter.doFilter(OncePerRequestFilter.java:117)
	at org.apache.catalina.core.ApplicationFilterChain.internalDoFilter(ApplicationFilterChain.java:189)
	at org.apache.catalina.core.ApplicationFilterChain.doFilter(ApplicationFilterChain.java:162)
	at org.springframework.web.filter.CharacterEncodingFilter.doFilterInternal(CharacterEncodingFilter.java:201)
	at org.springframework.web.filter.OncePerRequestFilter.doFilter(OncePerRequestFilter.java:117)
	at org.apache.catalina.core.ApplicationFilterChain.internalDoFilter(ApplicationFilterChain.java:189)
	at org.apache.catalina.core.ApplicationFilterChain.doFilter(ApplicationFilterChain.java:162)
	at org.apache.catalina.core.StandardWrapperValve.invoke(StandardWrapperValve.java:197)
	at org.apache.catalina.core.StandardContextValve.invoke(StandardContextValve.java:97)
	at org.apache.catalina.authenticator.AuthenticatorBase.invoke(AuthenticatorBase.java:541)
	at org.apache.catalina.core.StandardHostValve.invoke(StandardHostValve.java:135)
	at org.apache.catalina.valves.ErrorReportValve.invoke(ErrorReportValve.java:92)
	at org.apache.catalina.core.StandardEngineValve.invoke(StandardEngineValve.java:78)
	at org.apache.catalina.connector.CoyoteAdapter.service(CoyoteAdapter.java:360)
	at org.apache.coyote.http11.Http11Processor.service(Http11Processor.java:399)
	at org.apache.coyote.AbstractProcessorLight.process(AbstractProcessorLight.java:65)
	at org.apache.coyote.AbstractProtocol$ConnectionHandler.process(AbstractProtocol.java:890)
	at org.apache.tomcat.util.net.NioEndpoint$SocketProcessor.doRun(NioEndpoint.java:1789)
	at org.apache.tomcat.util.net.SocketProcessorBase.run(SocketProcessorBase.java:49)
	at org.apache.tomcat.util.threads.ThreadPoolExecutor.runWorker(ThreadPoolExecutor.java:1191)
	at org.apache.tomcat.util.threads.ThreadPoolExecutor$Worker.run(ThreadPoolExecutor.java:659)
	at org.apache.tomcat.util.threads.TaskThread$WrappingRunnable.run(TaskThread.java:61)
	at java.lang.Thread.run(Thread.java:750)
2022-10-12 00:13:39,454 [/] INFO  [SpringApplicationShutdownHook] c.z.h.HikariDataSource - HikariPool-1 - Shutdown initiated...
2022-10-12 00:13:39,462 [/] INFO  [SpringApplicationShutdownHook] c.z.h.HikariDataSource - HikariPool-1 - Shutdown completed.
2022-10-12 00:13:43,552 [/] INFO  [main] o.s.b.StartupInfoLogger - Starting Springboot01Application using Java 1.8.0_333 on MARGUERITE with PID 5880 (C:\Users\yorky\Desktop\STUDY\Java\springboot01\target\classes started by yorky in C:\Users\yorky\Desktop\STUDY\Java\springboot01)
2022-10-12 00:13:43,555 [/] DEBUG [main] o.s.b.StartupInfoLogger - Running with Spring Boot v2.7.4, Spring v5.3.23
2022-10-12 00:13:43,556 [/] INFO  [main] o.s.b.SpringApplication - No active profile set, falling back to 1 default profile: "default"
2022-10-12 00:13:44,279 [/] INFO  [main] o.s.b.w.e.t.TomcatWebServer - Tomcat initialized with port(s): 8081 (http)
2022-10-12 00:13:44,286 [/] INFO  [main] o.a.j.l.DirectJDKLog - Starting service [Tomcat]
2022-10-12 00:13:44,288 [/] INFO  [main] o.a.j.l.DirectJDKLog - Starting Servlet engine: [Apache Tomcat/9.0.65]
2022-10-12 00:13:44,405 [/] INFO  [main] o.a.j.l.DirectJDKLog - Initializing Spring embedded WebApplicationContext
2022-10-12 00:13:44,405 [/] INFO  [main] o.s.b.w.s.c.ServletWebServerApplicationContext - Root WebApplicationContext: initialization completed in 796 ms
2022-10-12 00:13:44,900 [/] INFO  [main] o.s.b.w.e.t.TomcatWebServer - Tomcat started on port(s): 8081 (http) with context path '/springboot01'
2022-10-12 00:13:44,908 [/] INFO  [main] o.s.b.StartupInfoLogger - Started Springboot01Application in 1.834 seconds (JVM running for 3.115)
2022-10-12 00:13:53,265 [/] INFO  [http-nio-8081-exec-1] o.a.j.l.DirectJDKLog - Initializing Spring DispatcherServlet 'dispatcherServlet'
2022-10-12 00:13:53,265 [/] INFO  [http-nio-8081-exec-1] o.s.w.s.FrameworkServlet - Initializing Servlet 'dispatcherServlet'
2022-10-12 00:13:53,267 [/] INFO  [http-nio-8081-exec-1] o.s.w.s.FrameworkServlet - Completed initialization in 1 ms
2022-10-12 00:13:53,292 [/] INFO  [http-nio-8081-exec-1] c.z.h.HikariDataSource - HikariPool-1 - Starting...
2022-10-12 00:13:53,950 [/] INFO  [http-nio-8081-exec-1] c.z.h.HikariDataSource - HikariPool-1 - Start completed.
2022-10-12 00:13:53,972 [/] DEBUG [http-nio-8081-exec-1] o.a.i.l.j.BaseJdbcLogger - ==>  Preparing: insert into t_class values (?, ?, ?, ?, ?, ?) 
2022-10-12 00:13:53,989 [/] DEBUG [http-nio-8081-exec-1] o.a.i.l.j.BaseJdbcLogger - ==> Parameters: 111(String), 111(String), 111(String), 111(String), 111(String), 1(String)
2022-10-12 00:13:53,992 [/] DEBUG [http-nio-8081-exec-1] o.a.i.l.j.BaseJdbcLogger - <==    Updates: 1
2022-10-12 00:13:54,004 [/] ERROR [http-nio-8081-exec-1] o.a.j.l.DirectJDKLog - Servlet.service() for servlet [dispatcherServlet] in context with path [/springboot01] threw exception [Request processing failed; nested exception is java.lang.ArithmeticException: / by zero] with root cause
java.lang.ArithmeticException: / by zero
	at com.springboottest.springboot01.service.UserService.saveClazz(UserService.java:27)
	at com.springboottest.springboot01.service.UserService$$FastClassBySpringCGLIB$$2f3f0b3.invoke(<generated>)
	at org.springframework.cglib.proxy.MethodProxy.invoke(MethodProxy.java:218)
	at org.springframework.aop.framework.CglibAopProxy$CglibMethodInvocation.invokeJoinpoint(CglibAopProxy.java:793)
	at org.springframework.aop.framework.ReflectiveMethodInvocation.proceed(ReflectiveMethodInvocation.java:163)
	at org.springframework.aop.framework.CglibAopProxy$CglibMethodInvocation.proceed(CglibAopProxy.java:763)
	at org.springframework.transaction.interceptor.TransactionInterceptor$1.proceedWithInvocation(TransactionInterceptor.java:123)
	at org.springframework.transaction.interceptor.TransactionAspectSupport.invokeWithinTransaction(TransactionAspectSupport.java:388)
	at org.springframework.transaction.interceptor.TransactionInterceptor.invoke(TransactionInterceptor.java:119)
	at org.springframework.aop.framework.ReflectiveMethodInvocation.proceed(ReflectiveMethodInvocation.java:186)
	at org.springframework.aop.framework.CglibAopProxy$CglibMethodInvocation.proceed(CglibAopProxy.java:763)
	at org.springframework.aop.framework.CglibAopProxy$DynamicAdvisedInterceptor.intercept(CglibAopProxy.java:708)
	at com.springboottest.springboot01.service.UserService$$EnhancerBySpringCGLIB$$b7171a60.saveClazz(<generated>)
	at com.springboottest.springboot01.controller.UserController.saveClazz(UserController.java:41)
	at sun.reflect.NativeMethodAccessorImpl.invoke0(Native Method)
	at sun.reflect.NativeMethodAccessorImpl.invoke(NativeMethodAccessorImpl.java:62)
	at sun.reflect.DelegatingMethodAccessorImpl.invoke(DelegatingMethodAccessorImpl.java:43)
	at java.lang.reflect.Method.invoke(Method.java:498)
	at org.springframework.web.method.support.InvocableHandlerMethod.doInvoke(InvocableHandlerMethod.java:205)
	at org.springframework.web.method.support.InvocableHandlerMethod.invokeForRequest(InvocableHandlerMethod.java:150)
	at org.springframework.web.servlet.mvc.method.annotation.ServletInvocableHandlerMethod.invokeAndHandle(ServletInvocableHandlerMethod.java:117)
	at org.springframework.web.servlet.mvc.method.annotation.RequestMappingHandlerAdapter.invokeHandlerMethod(RequestMappingHandlerAdapter.java:895)
	at org.springframework.web.servlet.mvc.method.annotation.RequestMappingHandlerAdapter.handleInternal(RequestMappingHandlerAdapter.java:808)
	at org.springframework.web.servlet.mvc.method.AbstractHandlerMethodAdapter.handle(AbstractHandlerMethodAdapter.java:87)
	at org.springframework.web.servlet.DispatcherServlet.doDispatch(DispatcherServlet.java:1071)
	at org.springframework.web.servlet.DispatcherServlet.doService(DispatcherServlet.java:964)
	at org.springframework.web.servlet.FrameworkServlet.processRequest(FrameworkServlet.java:1006)
	at org.springframework.web.servlet.FrameworkServlet.doGet(FrameworkServlet.java:898)
	at javax.servlet.http.HttpServlet.service(HttpServlet.java:655)
	at org.springframework.web.servlet.FrameworkServlet.service(FrameworkServlet.java:883)
	at javax.servlet.http.HttpServlet.service(HttpServlet.java:764)
	at org.apache.catalina.core.ApplicationFilterChain.internalDoFilter(ApplicationFilterChain.java:227)
	at org.apache.catalina.core.ApplicationFilterChain.doFilter(ApplicationFilterChain.java:162)
	at org.apache.tomcat.websocket.server.WsFilter.doFilter(WsFilter.java:53)
	at org.apache.catalina.core.ApplicationFilterChain.internalDoFilter(ApplicationFilterChain.java:189)
	at org.apache.catalina.core.ApplicationFilterChain.doFilter(ApplicationFilterChain.java:162)
	at org.springframework.web.filter.RequestContextFilter.doFilterInternal(RequestContextFilter.java:100)
	at org.springframework.web.filter.OncePerRequestFilter.doFilter(OncePerRequestFilter.java:117)
	at org.apache.catalina.core.ApplicationFilterChain.internalDoFilter(ApplicationFilterChain.java:189)
	at org.apache.catalina.core.ApplicationFilterChain.doFilter(ApplicationFilterChain.java:162)
	at org.springframework.web.filter.FormContentFilter.doFilterInternal(FormContentFilter.java:93)
	at org.springframework.web.filter.OncePerRequestFilter.doFilter(OncePerRequestFilter.java:117)
	at org.apache.catalina.core.ApplicationFilterChain.internalDoFilter(ApplicationFilterChain.java:189)
	at org.apache.catalina.core.ApplicationFilterChain.doFilter(ApplicationFilterChain.java:162)
	at org.springframework.web.filter.CharacterEncodingFilter.doFilterInternal(CharacterEncodingFilter.java:201)
	at org.springframework.web.filter.OncePerRequestFilter.doFilter(OncePerRequestFilter.java:117)
	at org.apache.catalina.core.ApplicationFilterChain.internalDoFilter(ApplicationFilterChain.java:189)
	at org.apache.catalina.core.ApplicationFilterChain.doFilter(ApplicationFilterChain.java:162)
	at org.apache.catalina.core.StandardWrapperValve.invoke(StandardWrapperValve.java:197)
	at org.apache.catalina.core.StandardContextValve.invoke(StandardContextValve.java:97)
	at org.apache.catalina.authenticator.AuthenticatorBase.invoke(AuthenticatorBase.java:541)
	at org.apache.catalina.core.StandardHostValve.invoke(StandardHostValve.java:135)
	at org.apache.catalina.valves.ErrorReportValve.invoke(ErrorReportValve.java:92)
	at org.apache.catalina.core.StandardEngineValve.invoke(StandardEngineValve.java:78)
	at org.apache.catalina.connector.CoyoteAdapter.service(CoyoteAdapter.java:360)
	at org.apache.coyote.http11.Http11Processor.service(Http11Processor.java:399)
	at org.apache.coyote.AbstractProcessorLight.process(AbstractProcessorLight.java:65)
	at org.apache.coyote.AbstractProtocol$ConnectionHandler.process(AbstractProtocol.java:890)
	at org.apache.tomcat.util.net.NioEndpoint$SocketProcessor.doRun(NioEndpoint.java:1789)
	at org.apache.tomcat.util.net.SocketProcessorBase.run(SocketProcessorBase.java:49)
	at org.apache.tomcat.util.threads.ThreadPoolExecutor.runWorker(ThreadPoolExecutor.java:1191)
	at org.apache.tomcat.util.threads.ThreadPoolExecutor$Worker.run(ThreadPoolExecutor.java:659)
	at org.apache.tomcat.util.threads.TaskThread$WrappingRunnable.run(TaskThread.java:61)
	at java.lang.Thread.run(Thread.java:750)
2022-10-12 00:22:45,774 [/] INFO  [SpringApplicationShutdownHook] c.z.h.HikariDataSource - HikariPool-1 - Shutdown initiated...
2022-10-12 00:22:45,785 [/] INFO  [SpringApplicationShutdownHook] c.z.h.HikariDataSource - HikariPool-1 - Shutdown completed.
2022-10-12 00:22:49,496 [/] INFO  [main] o.s.b.StartupInfoLogger - Starting Springboot01Application using Java 1.8.0_333 on MARGUERITE with PID 25280 (C:\Users\yorky\Desktop\STUDY\Java\springboot01\target\classes started by yorky in C:\Users\yorky\Desktop\STUDY\Java\springboot01)
2022-10-12 00:22:49,501 [/] DEBUG [main] o.s.b.StartupInfoLogger - Running with Spring Boot v2.7.4, Spring v5.3.23
2022-10-12 00:22:49,502 [/] INFO  [main] o.s.b.SpringApplication - No active profile set, falling back to 1 default profile: "default"
2022-10-12 00:22:50,336 [/] INFO  [main] o.s.b.w.e.t.TomcatWebServer - Tomcat initialized with port(s): 8081 (http)
2022-10-12 00:22:50,342 [/] INFO  [main] o.a.j.l.DirectJDKLog - Starting service [Tomcat]
2022-10-12 00:22:50,342 [/] INFO  [main] o.a.j.l.DirectJDKLog - Starting Servlet engine: [Apache Tomcat/9.0.65]
2022-10-12 00:22:50,441 [/] INFO  [main] o.a.j.l.DirectJDKLog - Initializing Spring embedded WebApplicationContext
2022-10-12 00:22:50,442 [/] INFO  [main] o.s.b.w.s.c.ServletWebServerApplicationContext - Root WebApplicationContext: initialization completed in 878 ms
2022-10-12 00:22:50,935 [/] INFO  [main] o.s.b.w.e.t.TomcatWebServer - Tomcat started on port(s): 8081 (http) with context path '/springboot01'
2022-10-12 00:22:50,942 [/] INFO  [main] o.s.b.StartupInfoLogger - Started Springboot01Application in 1.885 seconds (JVM running for 2.986)
2022-10-12 00:23:07,498 [/] INFO  [http-nio-8081-exec-1] o.a.j.l.DirectJDKLog - Initializing Spring DispatcherServlet 'dispatcherServlet'
2022-10-12 00:23:07,499 [/] INFO  [http-nio-8081-exec-1] o.s.w.s.FrameworkServlet - Initializing Servlet 'dispatcherServlet'
2022-10-12 00:23:07,501 [/] INFO  [http-nio-8081-exec-1] o.s.w.s.FrameworkServlet - Completed initialization in 2 ms
2022-10-12 00:23:07,535 [/] INFO  [http-nio-8081-exec-1] c.z.h.HikariDataSource - HikariPool-1 - Starting...
2022-10-12 00:23:08,084 [/] INFO  [http-nio-8081-exec-1] c.z.h.HikariDataSource - HikariPool-1 - Start completed.
2022-10-12 00:23:08,090 [/] DEBUG [http-nio-8081-exec-1] o.a.i.l.j.BaseJdbcLogger - ==>  Preparing: select * from t_class where class_id = ?; 
2022-10-12 00:23:08,105 [/] DEBUG [http-nio-8081-exec-1] o.a.i.l.j.BaseJdbcLogger - ==> Parameters: 16597267904311(String)
2022-10-12 00:23:08,121 [/] DEBUG [http-nio-8081-exec-1] o.a.i.l.j.BaseJdbcLogger - <==      Total: 1
2022-10-12 00:28:25,021 [/] INFO  [SpringApplicationShutdownHook] c.z.h.HikariDataSource - HikariPool-1 - Shutdown initiated...
2022-10-12 00:28:25,028 [/] INFO  [SpringApplicationShutdownHook] c.z.h.HikariDataSource - HikariPool-1 - Shutdown completed.
2022-10-12 00:28:28,978 [/] INFO  [main] o.s.b.StartupInfoLogger - Starting Springboot01Application using Java 1.8.0_333 on MARGUERITE with PID 10664 (C:\Users\yorky\Desktop\STUDY\Java\springboot01\target\classes started by yorky in C:\Users\yorky\Desktop\STUDY\Java\springboot01)
2022-10-12 00:28:28,982 [/] DEBUG [main] o.s.b.StartupInfoLogger - Running with Spring Boot v2.7.4, Spring v5.3.23
2022-10-12 00:28:28,983 [/] INFO  [main] o.s.b.SpringApplication - No active profile set, falling back to 1 default profile: "default"
2022-10-12 00:28:29,971 [/] INFO  [main] o.s.b.w.e.t.TomcatWebServer - Tomcat initialized with port(s): 8081 (http)
2022-10-12 00:28:29,980 [/] INFO  [main] o.a.j.l.DirectJDKLog - Starting service [Tomcat]
2022-10-12 00:28:29,980 [/] INFO  [main] o.a.j.l.DirectJDKLog - Starting Servlet engine: [Apache Tomcat/9.0.65]
2022-10-12 00:28:30,105 [/] INFO  [main] o.a.j.l.DirectJDKLog - Initializing Spring embedded WebApplicationContext
2022-10-12 00:28:30,105 [/] INFO  [main] o.s.b.w.s.c.ServletWebServerApplicationContext - Root WebApplicationContext: initialization completed in 1060 ms
2022-10-12 00:28:30,655 [/] INFO  [main] o.s.b.w.e.t.TomcatWebServer - Tomcat started on port(s): 8081 (http) with context path '/springboot01'
2022-10-12 00:28:30,663 [/] INFO  [main] o.s.b.StartupInfoLogger - Started Springboot01Application in 2.098 seconds (JVM running for 3.14)
2022-10-12 00:28:33,958 [/] INFO  [http-nio-8081-exec-1] o.a.j.l.DirectJDKLog - Initializing Spring DispatcherServlet 'dispatcherServlet'
2022-10-12 00:28:33,959 [/] INFO  [http-nio-8081-exec-1] o.s.w.s.FrameworkServlet - Initializing Servlet 'dispatcherServlet'
2022-10-12 00:28:33,960 [/] INFO  [http-nio-8081-exec-1] o.s.w.s.FrameworkServlet - Completed initialization in 0 ms
2022-10-12 00:28:33,994 [/] INFO  [http-nio-8081-exec-1] c.z.h.HikariDataSource - HikariPool-1 - Starting...
2022-10-12 00:28:34,689 [/] INFO  [http-nio-8081-exec-1] c.z.h.HikariDataSource - HikariPool-1 - Start completed.
2022-10-12 00:28:34,695 [/] DEBUG [http-nio-8081-exec-1] o.a.i.l.j.BaseJdbcLogger - ==>  Preparing: select * from t_class where class_id = ?; 
2022-10-12 00:28:34,717 [/] DEBUG [http-nio-8081-exec-1] o.a.i.l.j.BaseJdbcLogger - ==> Parameters: 16597267904311(String)
2022-10-12 00:28:34,737 [/] DEBUG [http-nio-8081-exec-1] o.a.i.l.j.BaseJdbcLogger - <==      Total: 1
2022-10-12 00:37:55,538 [/] INFO  [SpringApplicationShutdownHook] c.z.h.HikariDataSource - HikariPool-1 - Shutdown initiated...
2022-10-12 00:37:55,549 [/] INFO  [SpringApplicationShutdownHook] c.z.h.HikariDataSource - HikariPool-1 - Shutdown completed.
